<?xml version="1.0" encoding="UTF-8"?>
<!-- Generated by org.testng.reporters.JUnitReportReporter -->
<testsuite hostname="MANJUNATH" failures="0" tests="1" name="com.Amazon.Testscript.ValidateFilters" time="14.994" errors="0" timestamp="2023-12-07T17:14:49 IST" skipped="0">
  <testcase classname="com.Amazon.Testscript.ValidateFilters" name="ApplyingFilters" time="14.994"/>
  <system-out>
    <![CDATA[Applying Filters]]>
  </system-out>
</testsuite> <!-- com.Amazon.Testscript.ValidateFilters -->
