<?xml version="1.0" encoding="UTF-8"?>
<!-- Generated by org.testng.reporters.JUnitReportReporter -->
<testsuite hostname="MANJUNATH" failures="0" tests="1" name="com.Amazon.Testscript.IphoneSearch" time="14.998" errors="0" timestamp="2023-12-07T17:14:49 IST" skipped="0">
  <testcase classname="com.Amazon.Testscript.IphoneSearch" name="searchIphone" time="14.998"/>
  <system-out>
    <![CDATA[Searching for Iphone]]>
  </system-out>
</testsuite> <!-- com.Amazon.Testscript.IphoneSearch -->
