<?xml version="1.0" encoding="UTF-8"?>
<!-- Generated by org.testng.reporters.JUnitReportReporter -->
<testsuite hostname="MANJUNATH" failures="0" tests="1" name="com.Amazon.Testscript.RegisterPage" time="5.491" errors="0" timestamp="2023-12-07T17:14:49 IST" skipped="0">
  <testcase classname="com.Amazon.Testscript.RegisterPage" name="pageRister" time="5.491"/>
  <system-out>
    <![CDATA[Filpkart Register page]]>
  </system-out>
</testsuite> <!-- com.Amazon.Testscript.RegisterPage -->
